<?xml version="1.0" encoding="UTF-8"?>
<robot generator="Robot 3.2.2 (Python 3.8.3 on win32)" generated="20200924 17:55:52.825" rpa="false">
<suite id="s1" name="WURL Request A Demo" source="C:\wurl\Test_Code_WURL\Tests\WURL_Request_A_Demo.robot">
<test id="s1-t1" name="Test case for Demo field verification">
<kw name="Open Chrome Browser" type="setup">
<kw name="Open Browser" library="SeleniumLibrary">
<doc>Opens a new browser instance to the optional ``url``.</doc>
<arguments>
<arg>http://www.google.com</arg>
<arg>chrome</arg>
</arguments>
<msg timestamp="20200924 17:55:53.045" level="INFO">Opening browser 'chrome' to base url 'http://www.google.com'.</msg>
<status status="PASS" starttime="20200924 17:55:53.045" endtime="20200924 17:55:57.986"></status>
</kw>
<kw name="Maximize Browser Window" library="SeleniumLibrary">
<doc>Maximizes current browser window.</doc>
<status status="PASS" starttime="20200924 17:55:57.986" endtime="20200924 17:56:00.130"></status>
</kw>
<status status="PASS" starttime="20200924 17:55:53.045" endtime="20200924 17:56:00.130"></status>
</kw>
<kw name="Input wurl in Search">
<arguments>
<arg>${Text_to_Search}</arg>
</arguments>
<kw name="Input Text" library="SeleniumLibrary">
<doc>Types the given ``text`` into the text field identified by ``locator``.</doc>
<arguments>
<arg>name:q</arg>
<arg>${Text_to_Search}</arg>
</arguments>
<msg timestamp="20200924 17:56:00.132" level="INFO">Typing text 'wurl' into text field 'name:q'.</msg>
<status status="PASS" starttime="20200924 17:56:00.132" endtime="20200924 17:56:00.259"></status>
</kw>
<status status="PASS" starttime="20200924 17:56:00.131" endtime="20200924 17:56:00.260"></status>
</kw>
<kw name="Click on Feeling Lucky" library="Selecting_Feeling_Lucky">
<kw name="Wait Until Element Is Visible" library="SeleniumLibrary">
<doc>Waits until the element ``locator`` is visible.</doc>
<arguments>
<arg>class:aajZCb</arg>
</arguments>
<status status="PASS" starttime="20200924 17:56:00.262" endtime="20200924 17:56:00.559"></status>
</kw>
<kw name="Click Element" library="SeleniumLibrary">
<doc>Click the element identified by ``locator``.</doc>
<arguments>
<arg>name:btnI</arg>
</arguments>
<msg timestamp="20200924 17:56:00.560" level="INFO">Clicking element 'name:btnI'.</msg>
<status status="PASS" starttime="20200924 17:56:00.560" endtime="20200924 17:56:06.567"></status>
</kw>
<status status="PASS" starttime="20200924 17:56:00.261" endtime="20200924 17:56:06.567"></status>
</kw>
<kw name="Verifying Home Page and Title">
<kw name="Page Should Contain Element" library="SeleniumLibrary">
<doc>Verifies that element ``locator`` is found on the current page.</doc>
<arguments>
<arg>class:fl-bg-video</arg>
</arguments>
<msg timestamp="20200924 17:56:06.584" level="INFO">Current page contains element 'class:fl-bg-video'.</msg>
<status status="PASS" starttime="20200924 17:56:06.568" endtime="20200924 17:56:06.584"></status>
</kw>
<kw name="Title Should Be" library="SeleniumLibrary">
<doc>Verifies that the current page title equals ``title``.</doc>
<arguments>
<arg>Home | Wurl</arg>
</arguments>
<msg timestamp="20200924 17:56:06.590" level="INFO">Page title is 'Home | Wurl'.</msg>
<status status="PASS" starttime="20200924 17:56:06.584" endtime="20200924 17:56:06.591"></status>
</kw>
<status status="PASS" starttime="20200924 17:56:06.568" endtime="20200924 17:56:06.591"></status>
</kw>
<kw name="Verifying Fields in Request Demo" library="Demo_Fields">
<kw name="Click Link" library="SeleniumLibrary">
<doc>Clicks a link identified by ``locator``.</doc>
<arguments>
<arg>Request a Demo</arg>
</arguments>
<msg timestamp="20200924 17:56:06.592" level="INFO">Clicking link 'Request a Demo'.</msg>
<status status="PASS" starttime="20200924 17:56:06.592" endtime="20200924 17:56:10.033"></status>
</kw>
<kw name="Wait Until Element Is Visible" library="SeleniumLibrary">
<doc>Waits until the element ``locator`` is visible.</doc>
<arguments>
<arg>class:frm_fields_container</arg>
</arguments>
<status status="PASS" starttime="20200924 17:56:10.034" endtime="20200924 17:56:10.072"></status>
</kw>
<kw name="Page Should Contain Element" library="SeleniumLibrary">
<doc>Verifies that element ``locator`` is found on the current page.</doc>
<arguments>
<arg>name:item_meta[93]</arg>
</arguments>
<msg timestamp="20200924 17:56:10.103" level="INFO">Current page contains element 'name:item_meta[93]'.</msg>
<status status="PASS" starttime="20200924 17:56:10.072" endtime="20200924 17:56:10.103"></status>
</kw>
<kw name="Page Should Contain Element" library="SeleniumLibrary">
<doc>Verifies that element ``locator`` is found on the current page.</doc>
<arguments>
<arg>name:item_meta[94]</arg>
</arguments>
<msg timestamp="20200924 17:56:10.116" level="INFO">Current page contains element 'name:item_meta[94]'.</msg>
<status status="PASS" starttime="20200924 17:56:10.103" endtime="20200924 17:56:10.117"></status>
</kw>
<kw name="Page Should Contain Element" library="SeleniumLibrary">
<doc>Verifies that element ``locator`` is found on the current page.</doc>
<arguments>
<arg>name:item_meta[95]</arg>
</arguments>
<msg timestamp="20200924 17:56:10.129" level="INFO">Current page contains element 'name:item_meta[95]'.</msg>
<status status="PASS" starttime="20200924 17:56:10.117" endtime="20200924 17:56:10.129"></status>
</kw>
<kw name="Page Should Contain Element" library="SeleniumLibrary">
<doc>Verifies that element ``locator`` is found on the current page.</doc>
<arguments>
<arg>name:item_meta[96]</arg>
</arguments>
<msg timestamp="20200924 17:56:10.141" level="INFO">Current page contains element 'name:item_meta[96]'.</msg>
<status status="PASS" starttime="20200924 17:56:10.129" endtime="20200924 17:56:10.141"></status>
</kw>
<kw name="Page Should Contain Element" library="SeleniumLibrary">
<doc>Verifies that element ``locator`` is found on the current page.</doc>
<arguments>
<arg>name:item_meta[97]</arg>
</arguments>
<msg timestamp="20200924 17:56:10.154" level="INFO">Current page contains element 'name:item_meta[97]'.</msg>
<status status="PASS" starttime="20200924 17:56:10.141" endtime="20200924 17:56:10.155"></status>
</kw>
<kw name="Page Should Contain Element" library="SeleniumLibrary">
<doc>Verifies that element ``locator`` is found on the current page.</doc>
<arguments>
<arg>class:frm_final_submit</arg>
</arguments>
<msg timestamp="20200924 17:56:10.168" level="INFO">Current page contains element 'class:frm_final_submit'.</msg>
<status status="PASS" starttime="20200924 17:56:10.155" endtime="20200924 17:56:10.168"></status>
</kw>
<status status="PASS" starttime="20200924 17:56:06.591" endtime="20200924 17:56:10.168"></status>
</kw>
<kw name="Close Browser" library="SeleniumLibrary" type="teardown">
<doc>Closes the current browser.</doc>
<status status="PASS" starttime="20200924 17:56:10.169" endtime="20200924 17:56:12.487"></status>
</kw>
<doc>This Test case will verify fields in Request Demo Page</doc>
<tags>
<tag>UI Test</tag>
</tags>
<status status="PASS" starttime="20200924 17:55:53.044" endtime="20200924 17:56:12.488" critical="yes"></status>
</test>
<status status="PASS" starttime="20200924 17:55:52.828" endtime="20200924 17:56:12.493"></status>
</suite>
<statistics>
<total>
<stat pass="1" fail="0">Critical Tests</stat>
<stat pass="1" fail="0">All Tests</stat>
</total>
<tag>
<stat pass="1" fail="0">UI Test</stat>
</tag>
<suite>
<stat pass="1" fail="0" id="s1" name="WURL Request A Demo">WURL Request A Demo</stat>
</suite>
</statistics>
<errors>
</errors>
</robot>
